0 silly argv {
0 silly argv   _: [ 'version' ],
0 silly argv   'conventional-commits': true,
0 silly argv   conventionalCommits: true,
0 silly argv   yes: true,
0 silly argv   y: true,
0 silly argv   lernaVersion: '3.14.1',
0 silly argv   '$0': '..\\..\\AppData\\Roaming\\npm\\node_modules\\lerna\\cli.js'
0 silly argv }
1 notice cli v3.14.1
2 verbose rootPath C:\Users\PC\Desktop\codetalker-podcasting
3 info current version 1.0.307
4 silly isAnythingCommitted
5 verbose isAnythingCommitted 1
6 silly currentBranch
7 verbose currentBranch main
8 silly remoteBranchExists
9 silly isBehindUpstream
10 silly isBehindUpstream main is behind origin/main by 0 commit(s) and ahead by 1
11 silly hasTags
12 verbose hasTags true
13 silly git-describe.sync "v1.0.307-1-g08721e8" => {"lastTagName":"v1.0.307","lastVersion":"v1.0.307","refCount":"1","sha":"08721e8","isDirty":false}
14 info Looking for changed packages since v1.0.307
15 silly checking diff packages/common
16 silly found diff in packages/common/source/schemaValidators/PodcastValidator.ts
16 silly found diff in packages/common/source/schemaValidators/fields.ts
16 silly found diff in packages/common/source/schemaValidators/validators.ts
16 silly found diff in packages/common/source/types/Podcast.ts
16 silly found diff in packages/common/source/types/User.ts
17 verbose filtered diff [
17 verbose filtered diff   'packages/common/source/schemaValidators/PodcastValidator.ts',
17 verbose filtered diff   'packages/common/source/schemaValidators/fields.ts',
17 verbose filtered diff   'packages/common/source/schemaValidators/validators.ts',
17 verbose filtered diff   'packages/common/source/types/Podcast.ts',
17 verbose filtered diff   'packages/common/source/types/User.ts'
17 verbose filtered diff ]
18 silly checking diff packages/server
19 silly found diff in packages/server/.eslintrc.js
19 silly found diff in packages/server/package.json
19 silly found diff in packages/server/src/app.ts
19 silly found diff in packages/server/src/middleware/authenticationHandler.ts
19 silly found diff in packages/server/src/middleware/duplicationErrorHandler.ts
19 silly found diff in packages/server/src/middleware/tests/authenticationHandler.test.ts
19 silly found diff in packages/server/src/podcasts/Podcast.ts
19 silly found diff in packages/server/src/podcasts/controllers.ts
19 silly found diff in packages/server/src/podcasts/routes.ts
19 silly found diff in packages/server/src/podcasts/services.ts
19 silly found diff in packages/server/src/podcasts/tests/Podcast.test.ts
19 silly found diff in packages/server/src/podcasts/tests/routes/deletePodcast.routes.test.ts
19 silly found diff in packages/server/src/podcasts/tests/routes/getPodcast.routes.test.ts
19 silly found diff in packages/server/src/podcasts/tests/routes/patchPodcast.routes.test.ts
19 silly found diff in packages/server/src/podcasts/tests/routes/postPodcast.routes.test.ts
19 silly found diff in packages/server/src/podcasts/tests/services.test.ts
19 silly found diff in packages/server/src/types/Podcast.ts
19 silly found diff in packages/server/src/users/User.ts
19 silly found diff in packages/server/src/users/controllers.ts
19 silly found diff in packages/server/src/users/tests/__snapshots__/routes.test.ts.snap
19 silly found diff in packages/server/src/users/tests/routes/__snapshots__/login.routes.test.ts.snap
19 silly found diff in packages/server/src/users/tests/routes/__snapshots__/signUp.routes.test.ts.snap
19 silly found diff in packages/server/src/users/tests/routes/login.routes.test.ts
19 silly found diff in packages/server/src/users/tests/routes/signUp.routes.test.ts
19 silly found diff in packages/server/src/utilities/deleteFile.ts
19 silly found diff in packages/server/src/utilities/deleteFromCloudinary.ts
19 silly found diff in packages/server/src/utilities/getFilePath.ts
19 silly found diff in packages/server/src/utilities/isAuthorized.ts
19 silly found diff in packages/server/src/utilities/tests/deleteFile.test.ts
19 silly found diff in packages/server/src/utilities/tests/deleteFromCloudinary.test.ts
19 silly found diff in packages/server/src/utilities/tests/getFilePath.test.ts
19 silly found diff in packages/server/src/utilities/tests/isAuthorized.test.ts
19 silly found diff in packages/server/src/utilities/tests/uploadToCloudinary.test.ts
19 silly found diff in packages/server/src/utilities/uploadToCloudinary.ts
19 silly found diff in packages/server/tsconfig.json
20 verbose filtered diff [
20 verbose filtered diff   'packages/server/.eslintrc.js',
20 verbose filtered diff   'packages/server/package.json',
20 verbose filtered diff   'packages/server/src/app.ts',
20 verbose filtered diff   'packages/server/src/middleware/authenticationHandler.ts',
20 verbose filtered diff   'packages/server/src/middleware/duplicationErrorHandler.ts',
20 verbose filtered diff   'packages/server/src/middleware/tests/authenticationHandler.test.ts',
20 verbose filtered diff   'packages/server/src/podcasts/Podcast.ts',
20 verbose filtered diff   'packages/server/src/podcasts/controllers.ts',
20 verbose filtered diff   'packages/server/src/podcasts/routes.ts',
20 verbose filtered diff   'packages/server/src/podcasts/services.ts',
20 verbose filtered diff   'packages/server/src/podcasts/tests/Podcast.test.ts',
20 verbose filtered diff   'packages/server/src/podcasts/tests/routes/deletePodcast.routes.test.ts',
20 verbose filtered diff   'packages/server/src/podcasts/tests/routes/getPodcast.routes.test.ts',
20 verbose filtered diff   'packages/server/src/podcasts/tests/routes/patchPodcast.routes.test.ts',
20 verbose filtered diff   'packages/server/src/podcasts/tests/routes/postPodcast.routes.test.ts',
20 verbose filtered diff   'packages/server/src/podcasts/tests/services.test.ts',
20 verbose filtered diff   'packages/server/src/types/Podcast.ts',
20 verbose filtered diff   'packages/server/src/users/User.ts',
20 verbose filtered diff   'packages/server/src/users/controllers.ts',
20 verbose filtered diff   'packages/server/src/users/tests/__snapshots__/routes.test.ts.snap',
20 verbose filtered diff   'packages/server/src/users/tests/routes/__snapshots__/login.routes.test.ts.snap',
20 verbose filtered diff   'packages/server/src/users/tests/routes/__snapshots__/signUp.routes.test.ts.snap',
20 verbose filtered diff   'packages/server/src/users/tests/routes/login.routes.test.ts',
20 verbose filtered diff   'packages/server/src/users/tests/routes/signUp.routes.test.ts',
20 verbose filtered diff   'packages/server/src/utilities/deleteFile.ts',
20 verbose filtered diff   'packages/server/src/utilities/deleteFromCloudinary.ts',
20 verbose filtered diff   'packages/server/src/utilities/getFilePath.ts',
20 verbose filtered diff   'packages/server/src/utilities/isAuthorized.ts',
20 verbose filtered diff   'packages/server/src/utilities/tests/deleteFile.test.ts',
20 verbose filtered diff   'packages/server/src/utilities/tests/deleteFromCloudinary.test.ts',
20 verbose filtered diff   'packages/server/src/utilities/tests/getFilePath.test.ts',
20 verbose filtered diff   'packages/server/src/utilities/tests/isAuthorized.test.ts',
20 verbose filtered diff   'packages/server/src/utilities/tests/uploadToCloudinary.test.ts',
20 verbose filtered diff   'packages/server/src/utilities/uploadToCloudinary.ts',
20 verbose filtered diff   'packages/server/tsconfig.json'
20 verbose filtered diff ]
21 verbose updated @cdtr/common
22 verbose updated @cdtr/server
23 verbose git-describe undefined => "v1.0.307-1-g08721e8"
24 silly git-describe parsed => {"lastTagName":"v1.0.307","lastVersion":"v1.0.307","refCount":"1","sha":"08721e8","isDirty":false}
25 silly fixed for @cdtr/common at C:\Users\PC\Desktop\codetalker-podcasting\packages\common
26 verbose getChangelogConfig using preset "conventional-changelog-angular"
27 silly npa {
27 silly npa   type: 'tag',
27 silly npa   registry: true,
27 silly npa   where: undefined,
27 silly npa   raw: 'conventional-changelog-angular',
27 silly npa   name: 'conventional-changelog-angular',
27 silly npa   escapedName: 'conventional-changelog-angular',
27 silly npa   scope: undefined,
27 silly npa   rawSpec: '',
27 silly npa   saveSpec: null,
27 silly npa   fetchSpec: 'latest',
27 silly npa   gitRange: undefined,
27 silly npa   gitCommittish: undefined,
27 silly npa   hosted: undefined
27 silly npa }
28 verbose getChangelogConfig Attempting to resolve preset "conventional-changelog-angular"
29 info getChangelogConfig Successfully resolved preset "conventional-changelog-angular"
30 verbose fixed increment 1.0.307 by patch
31 silly fixed for @cdtr/server at C:\Users\PC\Desktop\codetalker-podcasting\packages\server
32 verbose fixed increment 1.0.307 by patch
33 info auto-confirmed
34 info execute Skipping GitHub releases
35 silly lifecycle No script for "preversion" in "cdtr", continuing
36 silly lifecycle No script for "preversion" in "@cdtr/common", continuing
37 silly lifecycle No script for "version" in "@cdtr/common", continuing
38 silly fixed for @cdtr/common at C:\Users\PC\Desktop\codetalker-podcasting\packages\common
39 silly fixed writing new entry: "## [1.0.308](https://github.com/kristiyan-ASW-G-08/codetalker-podcasting/compare/v1.0.307...v1.0.308) (2020-12-03)\n\n**Note:** Version bump only for package @cdtr/common\n\n\n\n"
40 verbose fixed wrote C:\Users\PC\Desktop\codetalker-podcasting\packages\common\CHANGELOG.md
41 silly lifecycle No script for "preversion" in "@cdtr/server", continuing
42 silly lifecycle No script for "version" in "@cdtr/server", continuing
43 silly fixed for @cdtr/server at C:\Users\PC\Desktop\codetalker-podcasting\packages\server
44 silly fixed writing new entry: "## [1.0.308](https://github.com/kristiyan-ASW-G-08/codetalker-podcasting/compare/v1.0.307...v1.0.308) (2020-12-03)\n\n**Note:** Version bump only for package @cdtr/server\n\n\n\n"
45 verbose fixed wrote C:\Users\PC\Desktop\codetalker-podcasting\packages\server\CHANGELOG.md
46 silly root for cdtr at C:\Users\PC\Desktop\codetalker-podcasting
47 silly root writing new entry: "## [1.0.308](https://github.com/kristiyan-ASW-G-08/codetalker-podcasting/compare/v1.0.307...v1.0.308) (2020-12-03)\n\n**Note:** Version bump only for package cdtr\n\n\n\n"
48 verbose root wrote C:\Users\PC\Desktop\codetalker-podcasting\CHANGELOG.md
49 silly lifecycle No script for "version" in "cdtr", continuing
50 silly gitAdd [
50 silly gitAdd   'C:\\Users\\PC\\Desktop\\codetalker-podcasting\\packages\\common\\package.json',
50 silly gitAdd   'C:\\Users\\PC\\Desktop\\codetalker-podcasting\\packages\\common\\CHANGELOG.md',
50 silly gitAdd   'C:\\Users\\PC\\Desktop\\codetalker-podcasting\\packages\\server\\package.json',
50 silly gitAdd   'C:\\Users\\PC\\Desktop\\codetalker-podcasting\\packages\\server\\CHANGELOG.md',
50 silly gitAdd   'C:\\Users\\PC\\Desktop\\codetalker-podcasting\\CHANGELOG.md',
50 silly gitAdd   'C:\\Users\\PC\\Desktop\\codetalker-podcasting\\lerna.json'
50 silly gitAdd ]
51 silly gitCommit v1.0.308
52 verbose git [ 'commit', '-m', 'v1.0.308' ]
53 silly gitTag v1.0.308
54 verbose git [ 'tag', 'v1.0.308', '-m', 'v1.0.308' ]
55 silly lifecycle No script for "postversion" in "@cdtr/common", continuing
56 silly lifecycle No script for "postversion" in "@cdtr/server", continuing
57 silly lifecycle No script for "postversion" in "cdtr", continuing
58 info git Pushing tags...
59 silly gitPush origin main
60 error Error: Command failed: git push --follow-tags --no-verify origin main
60 error git@github.com: Permission denied (publickey).
60 error fatal: Could not read from remote repository.
60 error
60 error Please make sure you have the correct access rights
60 error and the repository exists.
60 error
60 error     at makeError (C:\Users\PC\AppData\Roaming\npm\node_modules\lerna\node_modules\execa\index.js:174:9)
60 error     at C:\Users\PC\AppData\Roaming\npm\node_modules\lerna\node_modules\execa\index.js:278:16
